Using pre-set license
Built from '2022.3/staging' branch; Version is '2022.3.3f1 (7cdc2969a641) revision 8182825'; Using compiler version '192829333'; Build Type 'Release'
OS: 'Windows 10  (10.0.19045) 64bit Core' Language: 'en' Physical Memory: 16241 MB
BatchMode: 1, IsHumanControllingUs: 0, StartBugReporterOnCrash: 0, Is64bit: 1, IsPro: 1

COMMAND LINE ARGUMENTS:
C:\Program Files\Unity 2022.3.3f1\Editor\Unity.exe
-adb2
-batchMode
-noUpm
-name
AssetImportWorker1
-projectPath
C:/Users/Amber/Documents/GitHub/LooseChange/Loose Change
-logFile
Logs/AssetImportWorker1.log
-srvPort
63588
Successfully changed project path to: C:/Users/Amber/Documents/GitHub/LooseChange/Loose Change
C:/Users/Amber/Documents/GitHub/LooseChange/Loose Change
[UnityMemory] Configuration Parameters - Can be set up in boot.config
    "memorysetup-bucket-allocator-granularity=16"
    "memorysetup-bucket-allocator-bucket-count=8"
    "memorysetup-bucket-allocator-block-size=33554432"
    "memorysetup-bucket-allocator-block-count=8"
    "memorysetup-main-allocator-block-size=16777216"
    "memorysetup-thread-allocator-block-size=16777216"
    "memorysetup-gfx-main-allocator-block-size=16777216"
    "memorysetup-gfx-thread-allocator-block-size=16777216"
    "memorysetup-cache-allocator-block-size=4194304"
    "memorysetup-typetree-allocator-block-size=2097152"
    "memorysetup-profiler-bucket-allocator-granularity=16"
    "memorysetup-profiler-bucket-allocator-bucket-count=8"
    "memorysetup-profiler-bucket-allocator-block-size=33554432"
    "memorysetup-profiler-bucket-allocator-block-count=8"
    "memorysetup-profiler-allocator-block-size=16777216"
    "memorysetup-profiler-editor-allocator-block-size=1048576"
    "memorysetup-temp-allocator-size-main=16777216"
    "memorysetup-job-temp-allocator-block-size=2097152"
    "memorysetup-job-temp-allocator-block-size-background=1048576"
    "memorysetup-job-temp-allocator-reduction-small-platforms=262144"
    "memorysetup-allocator-temp-initial-block-size-main=262144"
    "memorysetup-allocator-temp-initial-block-size-worker=262144"
    "memorysetup-temp-allocator-size-background-worker=32768"
    "memorysetup-temp-allocator-size-job-worker=262144"
    "memorysetup-temp-allocator-size-preload-manager=33554432"
    "memorysetup-temp-allocator-size-nav-mesh-worker=65536"
    "memorysetup-temp-allocator-size-audio-worker=65536"
    "memorysetup-temp-allocator-size-cloud-worker=32768"
    "memorysetup-temp-allocator-size-gi-baking-worker=262144"
    "memorysetup-temp-allocator-size-gfx=262144"
Player connection [32604] Host "[IP] 10.240.35.0 [Port] 0 [Flags] 2 [Guid] 6759402 [EditorId] 6759402 [Version] 1048832 [Id] WindowsEditor(7,DESKTOP-AHB0MHU) [Debug] 1 [PackageName] WindowsEditor [ProjectName] Editor" joined multi-casting on [225.0.0.222:54997]...

Player connection [32604] Host "[IP] 10.240.35.0 [Port] 0 [Flags] 2 [Guid] 6759402 [EditorId] 6759402 [Version] 1048832 [Id] WindowsEditor(7,DESKTOP-AHB0MHU) [Debug] 1 [PackageName] WindowsEditor [ProjectName] Editor" joined alternative multi-casting on [225.0.0.222:34997]...

Refreshing native plugins compatible for Editor in 20.04 ms, found 3 plugins.
Preloading 0 native plugins for Editor in 0.00 ms.
Initialize engine version: 2022.3.3f1 (7cdc2969a641)
[Subsystems] Discovering subsystems at path C:/Program Files/Unity 2022.3.3f1/Editor/Data/Resources/UnitySubsystems
[Subsystems] Discovering subsystems at path C:/Users/Amber/Documents/GitHub/LooseChange/Loose Change/Assets
GfxDevice: creating device client; threaded=0; jobified=0
Direct3D:
    Version:  Direct3D 11.0 [level 11.1]
    Renderer: NVIDIA GeForce GTX 1650 (ID=0x1f91)
    Vendor:   NVIDIA
    VRAM:     3962 MB
    Driver:   30.0.15.1289
Initialize mono
Mono path[0] = 'C:/Program Files/Unity 2022.3.3f1/Editor/Data/Managed'
Mono path[1] = 'C:/Program Files/Unity 2022.3.3f1/Editor/Data/MonoBleedingEdge/lib/mono/unityjit-win32'
Mono config path = 'C:/Program Files/Unity 2022.3.3f1/Editor/Data/MonoBleedingEdge/etc'
Using monoOptions --debugger-agent=transport=dt_socket,embedding=1,server=y,suspend=n,address=127.0.0.1:56072
Begin MonoManager ReloadAssembly
Registering precompiled unity dll's ...
Register platform support module: C:/Program Files/Unity 2022.3.3f1/Editor/Data/PlaybackEngines/WebGLSupport/UnityEditor.WebGL.Extensions.dll
Register platform support module: C:/Program Files/Unity 2022.3.3f1/Editor/Data/PlaybackEngines/WindowsStandaloneSupport/UnityEditor.WindowsStandalone.Extensions.dll
Registered in 0.018642 seconds.
- Loaded All Assemblies, in  0.537 seconds
Native extension for WindowsStandalone target not found
Native extension for WebGL target not found
Mono: successfully reloaded assembly
- Finished resetting the current domain, in  0.386 seconds
Domain Reload Profiling: 919ms
	BeginReloadAssembly (152ms)
		ExecutionOrderSort (0ms)
		DisableScriptedObjects (0ms)
		BackupInstance (0ms)
		ReleaseScriptingObjects (0ms)
		CreateAndSetChildDomain (1ms)
	RebuildCommonClasses (54ms)
	RebuildNativeTypeToScriptingClass (15ms)
	initialDomainReloadingComplete (100ms)
	LoadAllAssembliesAndSetupDomain (213ms)
		LoadAssemblies (147ms)
		RebuildTransferFunctionScriptingTraits (0ms)
		AnalyzeDomain (200ms)
			TypeCache.Refresh (199ms)
				TypeCache.ScanAssembly (181ms)
			ScanForSourceGeneratedMonoScriptInfo (0ms)
			ResolveRequiredComponents (1ms)
	FinalizeReload (386ms)
		ReleaseScriptCaches (0ms)
		RebuildScriptCaches (0ms)
		SetupLoadedEditorAssemblies (305ms)
			LogAssemblyErrors (0ms)
			InitializePlatformSupportModulesInManaged (17ms)
			SetLoadedEditorAssemblies (9ms)
			RefreshPlugins (0ms)
			BeforeProcessingInitializeOnLoad (3ms)
			ProcessInitializeOnLoadAttributes (207ms)
			ProcessInitializeOnLoadMethodAttributes (69ms)
			AfterProcessingInitializeOnLoad (0ms)
			EditorAssembliesLoaded (0ms)
		ExecutionOrderSort2 (0ms)
		AwakeInstancesAfterBackupRestoration (0ms)
========================================================================
Worker process is ready to serve import requests
Begin MonoManager ReloadAssembly
Symbol file LoadedFromMemory doesn't match image C:\Users\Amber\Documents\GitHub\LooseChange\Loose Change\Library\PackageCache\com.unity.visualscripting@1.8.0\Editor\VisualScripting.Core\Dependencies\YamlDotNet\Unity.VisualScripting.YamlDotNet.dll
Symbol file LoadedFromMemory doesn't match image C:\Users\Amber\Documents\GitHub\LooseChange\Loose Change\Library\PackageCache\com.unity.visualscripting@1.8.0\Editor\VisualScripting.Core\Dependencies\DotNetZip\Unity.VisualScripting.IonicZip.dll
- Loaded All Assemblies, in  1.013 seconds
Refreshing native plugins compatible for Editor in 4.43 ms, found 3 plugins.
Native extension for WindowsStandalone target not found
Native extension for WebGL target not found
Mono: successfully reloaded assembly
- Finished resetting the current domain, in  0.694 seconds
Domain Reload Profiling: 1700ms
	BeginReloadAssembly (167ms)
		ExecutionOrderSort (0ms)
		DisableScriptedObjects (7ms)
		BackupInstance (0ms)
		ReleaseScriptingObjects (0ms)
		CreateAndSetChildDomain (23ms)
	RebuildCommonClasses (42ms)
	RebuildNativeTypeToScriptingClass (13ms)
	initialDomainReloadingComplete (66ms)
	LoadAllAssembliesAndSetupDomain (718ms)
		LoadAssemblies (420ms)
		RebuildTransferFunctionScriptingTraits (0ms)
		AnalyzeDomain (376ms)
			TypeCache.Refresh (348ms)
				TypeCache.ScanAssembly (333ms)
			ScanForSourceGeneratedMonoScriptInfo (22ms)
			ResolveRequiredComponents (7ms)
	FinalizeReload (695ms)
		ReleaseScriptCaches (0ms)
		RebuildScriptCaches (0ms)
		SetupLoadedEditorAssemblies (496ms)
			LogAssemblyErrors (0ms)
			InitializePlatformSupportModulesInManaged (13ms)
			SetLoadedEditorAssemblies (4ms)
			RefreshPlugins (0ms)
			BeforeProcessingInitializeOnLoad (97ms)
			ProcessInitializeOnLoadAttributes (347ms)
			ProcessInitializeOnLoadMethodAttributes (22ms)
			AfterProcessingInitializeOnLoad (13ms)
			EditorAssembliesLoaded (0ms)
		ExecutionOrderSort2 (0ms)
		AwakeInstancesAfterBackupRestoration (8ms)
Launched and connected shader compiler UnityShaderCompiler.exe after 0.08 seconds
Refreshing native plugins compatible for Editor in 7.15 ms, found 3 plugins.
Preloading 0 native plugins for Editor in 0.00 ms.
Unloading 3763 Unused Serialized files (Serialized files now loaded: 0)
Unloading 61 unused Assets / (1.4 MB). Loaded Objects now: 4231.
Memory consumption went from 163.4 MB to 162.0 MB.
Total: 4.823800 ms (FindLiveObjects: 0.305700 ms CreateObjectMapping: 0.291900 ms MarkObjects: 3.888900 ms  DeleteObjects: 0.336500 ms)

AssetImportParameters requested are different than current active one (requested -> active):
  custom:container-demuxer-ogg: 62fdf1f143b41e24485cea50d1cbac27 -> 
  custom:video-decoder-ogg-theora: a1e56fd34408186e4bbccfd4996cb3dc -> 
  custom:framework-win-MediaFoundation: 216162199b28c13a410421893ffa2e32 -> 
  custom:container-demuxer-webm: 4f35f7cbe854078d1ac9338744f61a02 -> 
  custom:container-muxer-webm: aa71ff27fc2769a1b78a27578f13a17b -> 
  custom:video-decoder-webm-vp8: 9c59270c3fd7afecdb556c50c9e8de78 -> 
  custom:AudioImporter_EditorPlatform: d09bf68614088b80899f8185d706f6e7 -> 
  custom:video-encoder-webm-vp8: eb34c28f22e8b96e1ab97ce403110664 -> 
  custom:audio-decoder-ogg-vorbis: bf7c407c2cedff20999df2af8eb42d56 -> 
  custom:audio-encoder-webm-vorbis: bf7c407c2cedff20999df2af8eb42d56 -> 
========================================================================
Received Import Request.
  Time since last request: 249038.699842 seconds.
  path: Assets/Scenes/OLDLevel01.unity
  artifactKey: Guid(3f8062f80837ad04180d3e79abad010c) Importer(815301076,1909f56bfc062723c751e8b465ee728b)
Start importing Assets/Scenes/OLDLevel01.unity using Guid(3f8062f80837ad04180d3e79abad010c) Importer(815301076,1909f56bfc062723c751e8b465ee728b)  -> (artifact id: '953b1c18e1338bc97f477c9c0651f2fa') in 0.002731 seconds
Number of updated asset objects reloaded before import = 0
Number of asset objects unloaded after import = 0
========================================================================
Received Import Request.
  Time since last request: 294.715593 seconds.
  path: Assets/Prefabs/kaidenmergeprefabs/Coin.prefab
  artifactKey: Guid(0ab3890bf88329b4888f12911ac736c8) Importer(815301076,1909f56bfc062723c751e8b465ee728b)
Start importing Assets/Prefabs/kaidenmergeprefabs/Coin.prefab using Guid(0ab3890bf88329b4888f12911ac736c8) Importer(815301076,1909f56bfc062723c751e8b465ee728b)  -> (artifact id: 'fb8cb6b42e15be1dfe96a955f1fd98bb') in 0.219167 seconds
Number of updated asset objects reloaded before import = 0
Number of asset objects unloaded after import = 11
========================================================================
Received Import Request.
  Time since last request: 0.000047 seconds.
  path: Assets/Prefabs/coinPref.prefab
  artifactKey: Guid(ca9125f3212879945b8cc4cba79b9116) Importer(815301076,1909f56bfc062723c751e8b465ee728b)
Start importing Assets/Prefabs/coinPref.prefab using Guid(ca9125f3212879945b8cc4cba79b9116) Importer(815301076,1909f56bfc062723c751e8b465ee728b)  -> (artifact id: '10e6f8865b615b6184c5ec587bc35cab') in 0.029172 seconds
Number of updated asset objects reloaded before import = 0
Number of asset objects unloaded after import = 17
========================================================================
Received Import Request.
  Time since last request: 0.000035 seconds.
  path: Assets/Prefabs/Coin.prefab
  artifactKey: Guid(7fce93ebf496c5e438b204edfc1c9ceb) Importer(815301076,1909f56bfc062723c751e8b465ee728b)
Start importing Assets/Prefabs/Coin.prefab using Guid(7fce93ebf496c5e438b204edfc1c9ceb) Importer(815301076,1909f56bfc062723c751e8b465ee728b)  -> (artifact id: '57202d990dda890469af635f57a74f55') in 0.013936 seconds
Number of updated asset objects reloaded before import = 0
Number of asset objects unloaded after import = 11
========================================================================
Received Import Request.
  Time since last request: 0.000024 seconds.
  path: Assets/Prefabs/TutorialPrefs/TutLightPref.prefab
  artifactKey: Guid(50c316a70c18d0f428510c9885455f35) Importer(815301076,1909f56bfc062723c751e8b465ee728b)
Start importing Assets/Prefabs/TutorialPrefs/TutLightPref.prefab using Guid(50c316a70c18d0f428510c9885455f35) Importer(815301076,1909f56bfc062723c751e8b465ee728b)  -> (artifact id: '0cd15cfa663037cab391c175c4e42d3e') in 0.003261 seconds
Number of updated asset objects reloaded before import = 0
Number of asset objects unloaded after import = 5
========================================================================
Received Import Request.
  Time since last request: 0.000039 seconds.
  path: Assets/Prefabs/TutorialPrefs/OuterPipePref.prefab
  artifactKey: Guid(69dd1be184a0e1241a4363c1cb324191) Importer(815301076,1909f56bfc062723c751e8b465ee728b)
Start importing Assets/Prefabs/TutorialPrefs/OuterPipePref.prefab using Guid(69dd1be184a0e1241a4363c1cb324191) Importer(815301076,1909f56bfc062723c751e8b465ee728b)  -> (artifact id: '00de462e04749b723b1c520f166ea1be') in 0.049500 seconds
Number of updated asset objects reloaded before import = 0
Number of asset objects unloaded after import = 9
========================================================================
Received Import Request.
  Time since last request: 0.000016 seconds.
  path: Assets/Prefabs/coin.blend
  artifactKey: Guid(29980e2753138684cbdc2a760804557d) Importer(815301076,1909f56bfc062723c751e8b465ee728b)
Start importing Assets/Prefabs/coin.blend using Guid(29980e2753138684cbdc2a760804557d) Importer(815301076,1909f56bfc062723c751e8b465ee728b)  -> (artifact id: 'd3661ce68effcc551f12e9c7e7cd0d3f') in 0.049623 seconds
Number of updated asset objects reloaded before import = 0
Number of asset objects unloaded after import = 8
========================================================================
Received Import Request.
  Time since last request: 0.000018 seconds.
  path: Assets/Prefabs/kaidenmergeprefabs/coinPref.prefab
  artifactKey: Guid(147cecc9d9afe904496eb1fc1abcb8a8) Importer(815301076,1909f56bfc062723c751e8b465ee728b)
Start importing Assets/Prefabs/kaidenmergeprefabs/coinPref.prefab using Guid(147cecc9d9afe904496eb1fc1abcb8a8) Importer(815301076,1909f56bfc062723c751e8b465ee728b)  -> (artifact id: '9f6dda58bddd755d12beb5445c424627') in 0.013812 seconds
Number of updated asset objects reloaded before import = 0
Number of asset objects unloaded after import = 17
========================================================================
Received Import Request.
  Time since last request: 0.000035 seconds.
  path: Assets/Prefabs/menuGoldCoinLarge.prefab
  artifactKey: Guid(28bc372d627c1c74893d32f4f8a17b54) Importer(815301076,1909f56bfc062723c751e8b465ee728b)
Start importing Assets/Prefabs/menuGoldCoinLarge.prefab using Guid(28bc372d627c1c74893d32f4f8a17b54) Importer(815301076,1909f56bfc062723c751e8b465ee728b)  -> (artifact id: 'ad96e49aa110cc250ac1bd25022352f8') in 0.011660 seconds
Number of updated asset objects reloaded before import = 0
Number of asset objects unloaded after import = 17
========================================================================
Received Import Request.
  Time since last request: 0.000021 seconds.
  path: Assets/PrebuiltPipes/MediumPipe1  Variant.prefab
  artifactKey: Guid(8e39809e5767a2e44a38b58d13b1b1b2) Importer(815301076,1909f56bfc062723c751e8b465ee728b)
Start importing Assets/PrebuiltPipes/MediumPipe1  Variant.prefab using Guid(8e39809e5767a2e44a38b58d13b1b1b2) Importer(815301076,1909f56bfc062723c751e8b465ee728b)  -> (artifact id: '7c3ee39c0f84a70ee8c039b1d346346d') in 0.042322 seconds
Number of updated asset objects reloaded before import = 0
Number of asset objects unloaded after import = 407
========================================================================
Received Import Request.
  Time since last request: 0.000031 seconds.
  path: Assets/Prefabs/TutorialPrefs/TutPapersPref.prefab
  artifactKey: Guid(d9d0717ebcb6f374e828b99717420dfd) Importer(815301076,1909f56bfc062723c751e8b465ee728b)
Start importing Assets/Prefabs/TutorialPrefs/TutPapersPref.prefab using Guid(d9d0717ebcb6f374e828b99717420dfd) Importer(815301076,1909f56bfc062723c751e8b465ee728b)  -> (artifact id: 'c5737e9fb9c25228ac005d40dc6ead5c') in 0.024375 seconds
Number of updated asset objects reloaded before import = 0
Number of asset objects unloaded after import = 15
========================================================================
Received Import Request.
  Time since last request: 0.000032 seconds.
  path: Assets/Prefabs/TutorialPrefs/Main Camera.prefab
  artifactKey: Guid(1b34e31c78146914cafc0f4ce58084eb) Importer(815301076,1909f56bfc062723c751e8b465ee728b)
Start importing Assets/Prefabs/TutorialPrefs/Main Camera.prefab using Guid(1b34e31c78146914cafc0f4ce58084eb) Importer(815301076,1909f56bfc062723c751e8b465ee728b)  -> (artifact id: '674bd3332a250394ac2d40d14d4c061c') in 0.005802 seconds
Number of updated asset objects reloaded before import = 0
Number of asset objects unloaded after import = 7
========================================================================
Received Import Request.
  Time since last request: 0.000049 seconds.
  path: Assets/Prefabs/TutorialPrefs/TutRatPref.prefab
  artifactKey: Guid(7c84487d875edb9488b0538a76d7dde6) Importer(815301076,1909f56bfc062723c751e8b465ee728b)
Start importing Assets/Prefabs/TutorialPrefs/TutRatPref.prefab using Guid(7c84487d875edb9488b0538a76d7dde6) Importer(815301076,1909f56bfc062723c751e8b465ee728b)  -> (artifact id: '17999fd2b1b9bb7cf1d21919194780af') in 0.029074 seconds
Number of updated asset objects reloaded before import = 0
Number of asset objects unloaded after import = 120
========================================================================
Received Import Request.
  Time since last request: 0.000023 seconds.
  path: Assets/Prefabs/TutorialPrefs/WaterPref.prefab
  artifactKey: Guid(abf07c00f9745694d979238664145130) Importer(815301076,1909f56bfc062723c751e8b465ee728b)
Start importing Assets/Prefabs/TutorialPrefs/WaterPref.prefab using Guid(abf07c00f9745694d979238664145130) Importer(815301076,1909f56bfc062723c751e8b465ee728b)  -> (artifact id: 'fad65a46f931c90e105b31621a74152a') in 0.023643 seconds
Number of updated asset objects reloaded before import = 0
Number of asset objects unloaded after import = 8
========================================================================
Received Import Request.
  Time since last request: 0.000027 seconds.
  path: Assets/Prefabs/TutorialPrefs/EventSystem.prefab
  artifactKey: Guid(d302a6a29d58cb6419278a9b9f15edfb) Importer(815301076,1909f56bfc062723c751e8b465ee728b)
Start importing Assets/Prefabs/TutorialPrefs/EventSystem.prefab using Guid(d302a6a29d58cb6419278a9b9f15edfb) Importer(815301076,1909f56bfc062723c751e8b465ee728b)  -> (artifact id: 'dd3504f0b3925e694e2bbf45af06feee') in 0.005528 seconds
Number of updated asset objects reloaded before import = 0
Number of asset objects unloaded after import = 6
========================================================================
Received Import Request.
  Time since last request: 0.000022 seconds.
  path: Assets/Prefabs/TutorialPrefs/TutCamVCAM.prefab
  artifactKey: Guid(90152cac17a3d2d43960c398dd1860c8) Importer(815301076,1909f56bfc062723c751e8b465ee728b)
Start importing Assets/Prefabs/TutorialPrefs/TutCamVCAM.prefab using Guid(90152cac17a3d2d43960c398dd1860c8) Importer(815301076,1909f56bfc062723c751e8b465ee728b)  -> (artifact id: '1e300cd18d2343252da78043f692bf38') in 0.006591 seconds
Number of updated asset objects reloaded before import = 0
Number of asset objects unloaded after import = 11
========================================================================
Received Import Request.
  Time since last request: 0.000015 seconds.
  path: Assets/Prefabs/NewGameUI.prefab
  artifactKey: Guid(b0d7aebb72f7e1e4980b90690a821a08) Importer(815301076,1909f56bfc062723c751e8b465ee728b)
Start importing Assets/Prefabs/NewGameUI.prefab using Guid(b0d7aebb72f7e1e4980b90690a821a08) Importer(815301076,1909f56bfc062723c751e8b465ee728b)  -> (artifact id: 'b00b8cacb1655e5a9a2fcb4977c297a7') in 0.080657 seconds
Number of updated asset objects reloaded before import = 0
Number of asset objects unloaded after import = 85
========================================================================
Received Import Request.
  Time since last request: 0.000042 seconds.
  path: Assets/Prefabs/TutorialPrefs/TutChipPref.prefab
  artifactKey: Guid(e69cd3f311d70c648ab390c20f7dc4c0) Importer(815301076,1909f56bfc062723c751e8b465ee728b)
Start importing Assets/Prefabs/TutorialPrefs/TutChipPref.prefab using Guid(e69cd3f311d70c648ab390c20f7dc4c0) Importer(815301076,1909f56bfc062723c751e8b465ee728b)  -> (artifact id: '4363ca7d0b2b5ceadb6569e0a753f037') in 0.024172 seconds
Number of updated asset objects reloaded before import = 0
Number of asset objects unloaded after import = 18
========================================================================
Received Import Request.
  Time since last request: 0.000042 seconds.
  path: Assets/Prefabs/TutorialPrefs/objects/WaterBottle_3.fbx
  artifactKey: Guid(f3623e2427ad4cf459b3a46f7b172781) Importer(815301076,1909f56bfc062723c751e8b465ee728b)
Start importing Assets/Prefabs/TutorialPrefs/objects/WaterBottle_3.fbx using Guid(f3623e2427ad4cf459b3a46f7b172781) Importer(815301076,1909f56bfc062723c751e8b465ee728b)  -> (artifact id: 'ac0bc49079a827414a34297ef3bf8e79') in 0.076480 seconds
Number of updated asset objects reloaded before import = 0
Number of asset objects unloaded after import = 10
========================================================================
Received Import Request.
  Time since last request: 0.000040 seconds.
  path: Assets/Prefabs/kaidenmergeprefabs/Large Pipe.prefab
  artifactKey: Guid(e09cbfdf8c35cfe42929c328e433d070) Importer(815301076,1909f56bfc062723c751e8b465ee728b)
Start importing Assets/Prefabs/kaidenmergeprefabs/Large Pipe.prefab using Guid(e09cbfdf8c35cfe42929c328e433d070) Importer(815301076,1909f56bfc062723c751e8b465ee728b)  -> (artifact id: 'c3f9a8724798b01c7f8c45d49930da1f') in 0.025849 seconds
Number of updated asset objects reloaded before import = 0
Number of asset objects unloaded after import = 72
========================================================================
Received Import Request.
  Time since last request: 0.000038 seconds.
  path: Assets/Prefabs/collectable.prefab
  artifactKey: Guid(8b70cdc97f727214393f11c03ce5a1a7) Importer(815301076,1909f56bfc062723c751e8b465ee728b)
Start importing Assets/Prefabs/collectable.prefab using Guid(8b70cdc97f727214393f11c03ce5a1a7) Importer(815301076,1909f56bfc062723c751e8b465ee728b)  -> (artifact id: 'a3f7c848bf7a32eb2b52b1a0aa34bbb6') in 0.014229 seconds
Number of updated asset objects reloaded before import = 0
Number of asset objects unloaded after import = 20
========================================================================
Received Import Request.
  Time since last request: 0.000019 seconds.
  path: Assets/Prefabs/menuSilverCoinLarge.prefab
  artifactKey: Guid(cac547f5a2ae2d340903b082c4e6dd22) Importer(815301076,1909f56bfc062723c751e8b465ee728b)
Start importing Assets/Prefabs/menuSilverCoinLarge.prefab using Guid(cac547f5a2ae2d340903b082c4e6dd22) Importer(815301076,1909f56bfc062723c751e8b465ee728b)  -> (artifact id: '9ea48ad392f84c7052bc5395af13f099') in 0.019720 seconds
Number of updated asset objects reloaded before import = 0
Number of asset objects unloaded after import = 18
